--- Loading Packages ---
--- Defining Simulation Parameters ---
--- Parallel processing enabled on 16 cores ---
--- Running Scenario 17 of 48 ---
Scenario: ARREST, Group: B, Test: Low Sens/High Spec (Sens: 0.70, Spec: 0.95)

[0/0] Searching: Group 'B', Sens: 0.7, Spec: 0.95, Scenario: N/A
  Phase 1: Finding power bracket...
    NNS=4,000 -> Power=100%
    NNS=2,000 -> Power=86%
    NNS=1,000 -> Power=50%
  Phase 2: Refining NNS with binary search...
    Testing NNS=1,500 -> Power=76%
    Testing NNS=1,750 -> Power=80%
    Testing NNS=1,625 -> Power=82%
    Testing NNS=1,562 -> Power=73%
    Testing NNS=1,593 -> Power=78%
    Testing NNS=1,609 -> Power=78%
    Testing NNS=1,617 -> Power=74%
    Testing NNS=1,621 -> Power=71%
Detailed results saved to: results/aim3_detailed_scenario_017.tsv
Summary results saved to: results/aim3_summary_scenario_017.tsv
--- Scenario 17 COMPLETE --- (Duration: 1.3 minutes) ---
