--- Loading Packages ---
--- Defining Simulation Parameters ---
--- Parallel processing enabled on 16 cores ---
--- Running Scenario 1 of 48 ---
Scenario: ARREST, Group: B, Test: Perfect (100%) (Sens: 1.00, Spec: 1.00)

[0/0] Searching: Group 'B', Sens: 1, Spec: 1, Scenario: N/A
  Phase 1: Finding power bracket...
    NNS=4,000 -> Power=100%
    NNS=2,000 -> Power=100%
    NNS=1,000 -> Power=94%
    NNS=500 -> Power=56%
  Phase 2: Refining NNS with binary search...
    Testing NNS=750 -> Power=82%
    Testing NNS=625 -> Power=72%
    Testing NNS=687 -> Power=75%
    Testing NNS=718 -> Power=79%
    Testing NNS=734 -> Power=80%
    Testing NNS=726 -> Power=83%
    Testing NNS=722 -> Power=78%
    Testing NNS=724 -> Power=76%
Detailed results saved to: results/aim3_detailed_scenario_001.tsv
Summary results saved to: results/aim3_summary_scenario_001.tsv
--- Scenario 1 COMPLETE --- (Duration: 1.1 minutes) ---
