--- Loading Packages ---
--- Defining Simulation Parameters ---
--- Parallel processing enabled on 16 cores ---
--- Running Scenario 38 of 48 ---
Scenario: Conservative, Group: C, Test: High Sens/Low Spec (Sens: 0.95, Spec: 0.70)

[0/0] Searching: Group 'C', Sens: 0.95, Spec: 0.7, Scenario: N/A
  Phase 1: Finding power bracket...
    NNS=4,000 -> Power=14%
    NNS=8,000 -> Power=36%
    NNS=16,000 -> Power=54%
    NNS=32,000 -> Power=82%
  Phase 2: Refining NNS with binary search...
    Testing NNS=24,000 -> Power=66%
    Testing NNS=28,000 -> Power=78%
    Testing NNS=30,000 -> Power=78%
    Testing NNS=31,000 -> Power=80%
    Testing NNS=30,500 -> Power=76%
    Testing NNS=30,750 -> Power=78%
    Testing NNS=30,875 -> Power=74%
    Testing NNS=30,937 -> Power=77%
Detailed results saved to: results/aim3_detailed_scenario_038.tsv
Summary results saved to: results/aim3_summary_scenario_038.tsv
--- Scenario 38 COMPLETE --- (Duration: 12.6 minutes) ---
