--- Loading Packages ---
--- Defining Simulation Parameters ---
--- Parallel processing enabled on 16 cores ---
--- Running Scenario 31 of 48 ---
Scenario: Conservative, Group: D, Test: Near-Perfect (Sens: 0.99, Spec: 0.99)

[0/0] Searching: Group 'D', Sens: 0.99, Spec: 0.99, Scenario: N/A
  Phase 1: Finding power bracket...
    NNS=4,000 -> Power=18%
    NNS=8,000 -> Power=18%
    NNS=16,000 -> Power=46%
    NNS=32,000 -> Power=77%
    NNS=64,000 -> Power=93%
  Phase 2: Refining NNS with binary search...
    Testing NNS=48,000 -> Power=88%
    Testing NNS=40,000 -> Power=76%
    Testing NNS=44,000 -> Power=86%
    Testing NNS=42,000 -> Power=84%
    Testing NNS=41,000 -> Power=83%
    Testing NNS=40,500 -> Power=82%
    Testing NNS=40,250 -> Power=78%
    Testing NNS=40,375 -> Power=78%
Detailed results saved to: results/aim3_detailed_scenario_031.tsv
Summary results saved to: results/aim3_summary_scenario_031.tsv
--- Scenario 31 COMPLETE --- (Duration: 8.2 minutes) ---
