--- Loading Packages ---
--- Defining Simulation Parameters ---
--- Parallel processing enabled on 16 cores ---
--- Running Scenario 9 of 48 ---
Scenario: ARREST, Group: B, Test: High Sens/High Spec (Sens: 0.95, Spec: 0.95)

[0/0] Searching: Group 'B', Sens: 0.95, Spec: 0.95, Scenario: N/A
  Phase 1: Finding power bracket...
    NNS=4,000 -> Power=100%
    NNS=2,000 -> Power=94%
    NNS=1,000 -> Power=74%
  Phase 2: Refining NNS with binary search...
    Testing NNS=1,500 -> Power=90%
    Testing NNS=1,250 -> Power=78%
    Testing NNS=1,375 -> Power=87%
    Testing NNS=1,312 -> Power=85%
    Testing NNS=1,281 -> Power=86%
    Testing NNS=1,265 -> Power=82%
    Testing NNS=1,257 -> Power=82%
    Testing NNS=1,253 -> Power=82%
Detailed results saved to: results/aim3_detailed_scenario_009.tsv
Summary results saved to: results/aim3_summary_scenario_009.tsv
--- Scenario 9 COMPLETE --- (Duration: 1.1 minutes) ---
