--- Loading Packages ---
--- Defining Simulation Parameters ---
--- Parallel processing enabled on 16 cores ---
--- Running Scenario 7 of 48 ---
Scenario: ARREST, Group: D, Test: Near-Perfect (Sens: 0.99, Spec: 0.99)

[0/0] Searching: Group 'D', Sens: 0.99, Spec: 0.99, Scenario: N/A
  Phase 1: Finding power bracket...
    NNS=4,000 -> Power=44%
    NNS=8,000 -> Power=70%
    NNS=16,000 -> Power=92%
  Phase 2: Refining NNS with binary search...
    Testing NNS=12,000 -> Power=83%
    Testing NNS=10,000 -> Power=74%
    Testing NNS=11,000 -> Power=82%
    Testing NNS=10,500 -> Power=80%
    Testing NNS=10,250 -> Power=79%
    Testing NNS=10,375 -> Power=81%
    Testing NNS=10,312 -> Power=78%
    Testing NNS=10,343 -> Power=78%
Detailed results saved to: results/aim3_detailed_scenario_007.tsv
Summary results saved to: results/aim3_summary_scenario_007.tsv
--- Scenario 7 COMPLETE --- (Duration: 2.8 minutes) ---
