--- Loading Packages ---
--- Defining Simulation Parameters ---
--- Parallel processing enabled on 16 cores ---
--- Running Scenario 13 of 48 ---
Scenario: ARREST, Group: B, Test: High Sens/Low Spec (Sens: 0.95, Spec: 0.70)

[0/0] Searching: Group 'B', Sens: 0.95, Spec: 0.7, Scenario: N/A
  Phase 1: Finding power bracket...
    NNS=4,000 -> Power=96%
    NNS=2,000 -> Power=62%
  Phase 2: Refining NNS with binary search...
    Testing NNS=3,000 -> Power=82%
    Testing NNS=2,500 -> Power=74%
    Testing NNS=2,750 -> Power=85%
    Testing NNS=2,625 -> Power=80%
    Testing NNS=2,562 -> Power=81%
    Testing NNS=2,531 -> Power=76%
    Testing NNS=2,546 -> Power=76%
    Testing NNS=2,554 -> Power=78%
Detailed results saved to: results/aim3_detailed_scenario_013.tsv
Summary results saved to: results/aim3_summary_scenario_013.tsv
--- Scenario 13 COMPLETE --- (Duration: 1.5 minutes) ---
