--- Loading Packages ---
--- Defining Simulation Parameters ---
--- Parallel processing enabled on 16 cores ---
--- Running Scenario 3 of 48 ---
Scenario: ARREST, Group: D, Test: Perfect (100%) (Sens: 1.00, Spec: 1.00)

[0/0] Searching: Group 'D', Sens: 1, Spec: 1, Scenario: N/A
  Phase 1: Finding power bracket...
    NNS=4,000 -> Power=46%
    NNS=8,000 -> Power=70%
    NNS=16,000 -> Power=94%
  Phase 2: Refining NNS with binary search...
    Testing NNS=12,000 -> Power=84%
    Testing NNS=10,000 -> Power=74%
    Testing NNS=11,000 -> Power=84%
    Testing NNS=10,500 -> Power=84%
    Testing NNS=10,250 -> Power=80%
    Testing NNS=10,125 -> Power=78%
    Testing NNS=10,187 -> Power=79%
    Testing NNS=10,218 -> Power=72%
Detailed results saved to: results/aim3_detailed_scenario_003.tsv
Summary results saved to: results/aim3_summary_scenario_003.tsv
--- Scenario 3 COMPLETE --- (Duration: 2.4 minutes) ---
