Loading R module...
Starting R simulation script...
--- Loading Packages ---
--- Defining Simulation Parameters ---
--- Parallel processing enabled on 16 cores ---

--- STARTING AIM 1: Power vs. Sample Size ---
  Running Aim 1 for scenario: ARREST
  Running Aim 1 for scenario: Conservative
--- AIM 1 COMPLETE --- (Duration: 118.7 minutes) ---

--- STARTING AIM 2: Impact of Accuracy ---
  Running Aim 2 for scenario: ARREST
  Running Aim 2 for scenario: Conservative
Error in `summarise()`:
i In argument: `bias = mean(log(or_hat) - log(or_true), na.rm = TRUE)`.
i In group 1: `scenario_name = "ARREST"`, `accuracy = 0.7`, `group = "A"`.
Caused by error:
! object 'or_hat' not found
Backtrace:
     x
  1. +-... %>% ...
  2. +-dplyr::summarise(...)
  3. +-dplyr:::summarise.grouped_df(...)
  4. | \-dplyr:::summarise_cols(.data, dplyr_quosures(...), by, "summarise")
  5. |   +-base::withCallingHandlers(...)
  6. |   \-dplyr:::map(quosures, summarise_eval_one, mask = mask)
  7. |     \-base::lapply(.x, .f, ...)
  8. |       \-dplyr (local) FUN(X[[i]], ...)
  9. |         \-mask$eval_all_summarise(quo)
 10. |           \-dplyr (local) eval()
 11. +-base::mean(log(or_hat) - log(or_true), na.rm = TRUE)
 12. \-base::.handleSimpleError(...)
 13.   \-dplyr (local) h(simpleError(msg, call))
 14.     \-dplyr (local) handler(cnd)
 15.       \-rlang::abort(message, class = error_class, parent = parent, call = error_call)
Execution halted
Simulation script finished.
