Loading R module...
Starting R simulation script...
--- Loading Packages ---
--- Defining Simulation Parameters ---
--- Parallel processing enabled on 16 cores ---

--- STARTING AIM 3: Enrichment Trial (Sens/Spec Scenarios) ---

[1/40] Searching: Group 'B', Sens: 0.99, Spec: 0.99, Scenario: ARREST
  Phase 1: Finding power bracket...
    NNS=4,000 -> Power=99%
    NNS=2,000 -> Power=87%
    NNS=1,000 -> Power=43%
  Phase 2: Refining NNS with binary search...
    Testing NNS=1,500 -> Power=71%
    Testing NNS=1,750 -> Power=81%
    Testing NNS=1,625 -> Power=83%
    Testing NNS=1,562 -> Power=78%
    Testing NNS=1,593 -> Power=74%
    Testing NNS=1,609 -> Power=83%
    Testing NNS=1,601 -> Power=80%
    Testing NNS=1,597 -> Power=79%

[2/40] Searching: Group 'C', Sens: 0.99, Spec: 0.99, Scenario: ARREST
  Phase 1: Finding power bracket...
    NNS=4,000 -> Power=23%
    NNS=8,000 -> Power=47%
    NNS=16,000 -> Power=54%
    NNS=32,000 -> Power=87%
  Phase 2: Refining NNS with binary search...
    Testing NNS=24,000 -> Power=77%
    Testing NNS=28,000 -> Power=78%
    Testing NNS=30,000 -> Power=81%
    Testing NNS=29,000 -> Power=75%
    Testing NNS=29,500 -> Power=82%
    Testing NNS=29,250 -> Power=75%
    Testing NNS=29,375 -> Power=78%
    Testing NNS=29,437 -> Power=87%

[3/40] Searching: Group 'D', Sens: 0.99, Spec: 0.99, Scenario: ARREST
  Phase 1: Finding power bracket...
    NNS=4,000 -> Power=45%
    NNS=8,000 -> Power=81%
  Phase 2: Refining NNS with binary search...
    Testing NNS=6,000 -> Power=61%
    Testing NNS=7,000 -> Power=66%
    Testing NNS=7,500 -> Power=64%
    Testing NNS=7,750 -> Power=63%
    Testing NNS=7,875 -> Power=62%
    Testing NNS=7,937 -> Power=68%
    Testing NNS=7,968 -> Power=76%
    Testing NNS=7,984 -> Power=59%

[4/40] Searching: Group 'E', Sens: 0.99, Spec: 0.99, Scenario: ARREST
  Phase 1: Finding power bracket...
    NNS=4,000 -> Power=7%
    NNS=8,000 -> Power=19%
    NNS=16,000 -> Power=50%
    NNS=32,000 -> Power=74%
    NNS=64,000 -> Power=99%
  Phase 2: Refining NNS with binary search...
    Testing NNS=48,000 -> Power=92%
slurmstepd: error: *** JOB 12381743 ON compute083 CANCELLED AT 2025-07-11T18:21:36 ***
