Starting Aim 3 simulation at Tue Jul 15 20:40:56 BST 2025
SLURM_CPUS_PER_TASK = 16
--- Loading Packages ---
--- Defining Simulation Parameters ---
--- Parallel processing enabled on 16 cores ---

--- STARTING AIM 3: Enrichment Trial (Sens/Spec Scenarios) ---

[1/48] Searching: Group 'B', Sens: 1, Spec: 1, Scenario: ARREST
  Phase 1: Finding power bracket...
    NNS=4,000 -> Power=94%
    NNS=2,000 -> Power=71%
  Phase 2: Refining NNS with binary search...
    Testing NNS=3,000 -> Power=84%
    Testing NNS=2,500 -> Power=79%
    Testing NNS=2,750 -> Power=84%
    Testing NNS=2,625 -> Power=82%
    Testing NNS=2,562 -> Power=81%
    Testing NNS=2,531 -> Power=80%
    Testing NNS=2,515 -> Power=79%
    Testing NNS=2,523 -> Power=78%

[2/48] Searching: Group 'C', Sens: 1, Spec: 1, Scenario: ARREST
  Phase 1: Finding power bracket...
    NNS=4,000 -> Power=19%
    NNS=8,000 -> Power=40%
    NNS=16,000 -> Power=62%
    NNS=32,000 -> Power=90%
  Phase 2: Refining NNS with binary search...
    Testing NNS=24,000 -> Power=79%
    Testing NNS=28,000 -> Power=85%
    Testing NNS=26,000 -> Power=86%
    Testing NNS=25,000 -> Power=82%
    Testing NNS=24,500 -> Power=85%
    Testing NNS=24,250 -> Power=80%
    Testing NNS=24,375 -> Power=80%
    Testing NNS=24,437 -> Power=82%

[3/48] Searching: Group 'D', Sens: 1, Spec: 1, Scenario: ARREST
  Phase 1: Finding power bracket...
    NNS=4,000 -> Power=42%
    NNS=8,000 -> Power=68%
    NNS=16,000 -> Power=94%
  Phase 2: Refining NNS with binary search...
    Testing NNS=12,000 -> Power=85%
    Testing NNS=10,000 -> Power=78%
    Testing NNS=11,000 -> Power=82%
    Testing NNS=10,500 -> Power=81%
    Testing NNS=10,250 -> Power=78%
    Testing NNS=10,375 -> Power=80%
    Testing NNS=10,437 -> Power=80%
    Testing NNS=10,468 -> Power=80%

[4/48] Searching: Group 'E', Sens: 1, Spec: 1, Scenario: ARREST
  Phase 1: Finding power bracket...
    NNS=4,000 -> Power=6%
    NNS=8,000 -> Power=39%
    NNS=16,000 -> Power=80%
  Phase 2: Refining NNS with binary search...
    Testing NNS=12,000 -> Power=64%
    Testing NNS=14,000 -> Power=74%
    Testing NNS=15,000 -> Power=78%
    Testing NNS=15,500 -> Power=79%
    Testing NNS=15,750 -> Power=79%
    Testing NNS=15,875 -> Power=78%
    Testing NNS=15,937 -> Power=80%
    Testing NNS=15,906 -> Power=82%

[5/48] Searching: Group 'B', Sens: 0.99, Spec: 0.99, Scenario: ARREST
  Phase 1: Finding power bracket...
    NNS=4,000 -> Power=98%
    NNS=2,000 -> Power=86%
    NNS=1,000 -> Power=47%
  Phase 2: Refining NNS with binary search...
    Testing NNS=1,500 -> Power=75%
    Testing NNS=1,750 -> Power=80%
    Testing NNS=1,625 -> Power=77%
    Testing NNS=1,687 -> Power=82%
    Testing NNS=1,656 -> Power=78%
    Testing NNS=1,671 -> Power=79%
    Testing NNS=1,679 -> Power=81%
    Testing NNS=1,675 -> Power=79%

[6/48] Searching: Group 'C', Sens: 0.99, Spec: 0.99, Scenario: ARREST
  Phase 1: Finding power bracket...
    NNS=4,000 -> Power=16%
    NNS=8,000 -> Power=36%
    NNS=16,000 -> Power=57%
    NNS=32,000 -> Power=86%
  Phase 2: Refining NNS with binary search...
    Testing NNS=24,000 -> Power=75%
    Testing NNS=28,000 -> Power=80%
    Testing NNS=26,000 -> Power=81%
    Testing NNS=25,000 -> Power=75%
    Testing NNS=25,500 -> Power=79%
    Testing NNS=25,750 -> Power=78%
    Testing NNS=25,875 -> Power=77%
    Testing NNS=25,937 -> Power=76%

[7/48] Searching: Group 'D', Sens: 0.99, Spec: 0.99, Scenario: ARREST
  Phase 1: Finding power bracket...
    NNS=4,000 -> Power=41%
    NNS=8,000 -> Power=68%
    NNS=16,000 -> Power=94%
  Phase 2: Refining NNS with binary search...
    Testing NNS=12,000 -> Power=85%
    Testing NNS=10,000 -> Power=78%
    Testing NNS=11,000 -> Power=81%
    Testing NNS=10,500 -> Power=80%
    Testing NNS=10,750 -> Power=83%
    Testing NNS=10,625 -> Power=81%
    Testing NNS=10,562 -> Power=79%
    Testing NNS=10,593 -> Power=78%

[8/48] Searching: Group 'E', Sens: 0.99, Spec: 0.99, Scenario: ARREST
  Phase 1: Finding power bracket...
    NNS=4,000 -> Power=9%
    NNS=8,000 -> Power=25%
    NNS=16,000 -> Power=48%
    NNS=32,000 -> Power=78%
    NNS=64,000 -> Power=98%
  Phase 2: Refining NNS with binary search...
    Testing NNS=48,000 -> Power=93%
    Testing NNS=40,000 -> Power=90%
    Testing NNS=36,000 -> Power=80%
    Testing NNS=34,000 -> Power=80%
    Testing NNS=33,000 -> Power=80%
    Testing NNS=32,500 -> Power=80%
    Testing NNS=32,750 -> Power=83%
    Testing NNS=32,625 -> Power=81%

[9/48] Searching: Group 'B', Sens: 0.95, Spec: 0.95, Scenario: ARREST
  Phase 1: Finding power bracket...
    NNS=4,000 -> Power=100%
    NNS=2,000 -> Power=95%
    NNS=1,000 -> Power=62%
  Phase 2: Refining NNS with binary search...
    Testing NNS=1,500 -> Power=87%
    Testing NNS=1,250 -> Power=77%
    Testing NNS=1,375 -> Power=83%
    Testing NNS=1,312 -> Power=78%
    Testing NNS=1,343 -> Power=81%
    Testing NNS=1,327 -> Power=81%
    Testing NNS=1,319 -> Power=82%
    Testing NNS=1,315 -> Power=79%

[10/48] Searching: Group 'C', Sens: 0.95, Spec: 0.95, Scenario: ARREST
  Phase 1: Finding power bracket...
    NNS=4,000 -> Power=12%
    NNS=8,000 -> Power=22%
    NNS=16,000 -> Power=34%
    NNS=32,000 -> Power=61%
    NNS=64,000 -> Power=92%
  Phase 2: Refining NNS with binary search...
    Testing NNS=48,000 -> Power=79%
    Testing NNS=56,000 -> Power=84%
    Testing NNS=52,000 -> Power=82%
    Testing NNS=50,000 -> Power=79%
    Testing NNS=51,000 -> Power=81%
    Testing NNS=50,500 -> Power=80%
    Testing NNS=50,750 -> Power=82%
    Testing NNS=50,625 -> Power=79%

[11/48] Searching: Group 'D', Sens: 0.95, Spec: 0.95, Scenario: ARREST
  Phase 1: Finding power bracket...
    NNS=4,000 -> Power=42%
    NNS=8,000 -> Power=66%
    NNS=16,000 -> Power=94%
  Phase 2: Refining NNS with binary search...
    Testing NNS=12,000 -> Power=84%
    Testing NNS=10,000 -> Power=78%
    Testing NNS=11,000 -> Power=81%
    Testing NNS=10,500 -> Power=80%
    Testing NNS=10,250 -> Power=76%
    Testing NNS=10,375 -> Power=78%
    Testing NNS=10,437 -> Power=79%
    Testing NNS=10,468 -> Power=80%

[12/48] Searching: Group 'E', Sens: 0.95, Spec: 0.95, Scenario: ARREST
  Phase 1: Finding power bracket...
    NNS=4,000 -> Power=5%
    NNS=8,000 -> Power=7%
    NNS=16,000 -> Power=8%
    NNS=32,000 -> Power=10%
    NNS=64,000 -> Power=16%
    NNS=128,000 -> Power=28%
    NNS=256,000 -> Power=48%
    NNS=512,000 -> Power=78%
    NNS=1,024,000 -> Power=97%
  Phase 2: Refining NNS with binary search...
    Testing NNS=768,000 -> Power=90%
    Testing NNS=640,000 -> Power=84%
    Testing NNS=576,000 -> Power=82%
    Testing NNS=544,000 -> Power=80%
    Testing NNS=528,000 -> Power=78%
    Testing NNS=536,000 -> Power=79%
    Testing NNS=540,000 -> Power=78%
    Testing NNS=542,000 -> Power=80%

[13/48] Searching: Group 'B', Sens: 0.95, Spec: 0.7, Scenario: ARREST
  Phase 1: Finding power bracket...
    NNS=4,000 -> Power=94%
    NNS=2,000 -> Power=67%
  Phase 2: Refining NNS with binary search...
    Testing NNS=3,000 -> Power=85%
    Testing NNS=2,500 -> Power=78%
    Testing NNS=2,750 -> Power=80%
    Testing NNS=2,625 -> Power=79%
    Testing NNS=2,687 -> Power=80%
    Testing NNS=2,656 -> Power=78%
    Testing NNS=2,671 -> Power=80%
    Testing NNS=2,663 -> Power=78%

[14/48] Searching: Group 'C', Sens: 0.95, Spec: 0.7, Scenario: ARREST
  Phase 1: Finding power bracket...
    NNS=4,000 -> Power=8%
    NNS=8,000 -> Power=8%
    NNS=16,000 -> Power=15%
    NNS=32,000 -> Power=23%
    NNS=64,000 -> Power=36%
    NNS=128,000 -> Power=66%
    NNS=256,000 -> Power=91%
  Phase 2: Refining NNS with binary search...
    Testing NNS=192,000 -> Power=81%
    Testing NNS=160,000 -> Power=76%
    Testing NNS=176,000 -> Power=78%
    Testing NNS=184,000 -> Power=81%
    Testing NNS=180,000 -> Power=79%
    Testing NNS=182,000 -> Power=80%
    Testing NNS=181,000 -> Power=79%
    Testing NNS=181,500 -> Power=78%

[15/48] Searching: Group 'D', Sens: 0.95, Spec: 0.7, Scenario: ARREST
  Phase 1: Finding power bracket...
    NNS=4,000 -> Power=49%
    NNS=8,000 -> Power=73%
    NNS=16,000 -> Power=97%
  Phase 2: Refining NNS with binary search...
    Testing NNS=12,000 -> Power=89%
    Testing NNS=10,000 -> Power=84%
    Testing NNS=9,000 -> Power=81%
    Testing NNS=8,500 -> Power=80%
    Testing NNS=8,250 -> Power=75%
    Testing NNS=8,375 -> Power=78%
    Testing NNS=8,437 -> Power=74%
    Testing NNS=8,468 -> Power=76%

[16/48] Searching: Group 'E', Sens: 0.95, Spec: 0.7, Scenario: ARREST
  Phase 1: Finding power bracket...
    NNS=4,000 -> Power=17%
    NNS=8,000 -> Power=29%
    NNS=16,000 -> Power=54%
    NNS=32,000 -> Power=80%
  Phase 2: Refining NNS with binary search...
    Testing NNS=24,000 -> Power=69%
    Testing NNS=28,000 -> Power=76%
    Testing NNS=30,000 -> Power=77%
    Testing NNS=31,000 -> Power=78%
    Testing NNS=31,500 -> Power=78%
    Testing NNS=31,750 -> Power=80%
    Testing NNS=31,875 -> Power=83%
    Testing NNS=31,812 -> Power=79%

[17/48] Searching: Group 'B', Sens: 0.7, Spec: 0.95, Scenario: ARREST
  Phase 1: Finding power bracket...
    NNS=4,000 -> Power=100%
    NNS=2,000 -> Power=84%
    NNS=1,000 -> Power=39%
  Phase 2: Refining NNS with binary search...
    Testing NNS=1,500 -> Power=66%
    Testing NNS=1,750 -> Power=77%
    Testing NNS=1,875 -> Power=81%
    Testing NNS=1,812 -> Power=77%
    Testing NNS=1,843 -> Power=81%
    Testing NNS=1,827 -> Power=80%
    Testing NNS=1,835 -> Power=82%
    Testing NNS=1,831 -> Power=80%

[18/48] Searching: Group 'C', Sens: 0.7, Spec: 0.95, Scenario: ARREST
  Phase 1: Finding power bracket...
    NNS=4,000 -> Power=8%
    NNS=8,000 -> Power=15%
    NNS=16,000 -> Power=22%
    NNS=32,000 -> Power=37%
    NNS=64,000 -> Power=68%
    NNS=128,000 -> Power=91%
  Phase 2: Refining NNS with binary search...
    Testing NNS=96,000 -> Power=81%
    Testing NNS=80,000 -> Power=72%
    Testing NNS=88,000 -> Power=77%
    Testing NNS=92,000 -> Power=78%
    Testing NNS=94,000 -> Power=80%
    Testing NNS=93,000 -> Power=80%
    Testing NNS=92,500 -> Power=82%
    Testing NNS=92,250 -> Power=80%

[19/48] Searching: Group 'D', Sens: 0.7, Spec: 0.95, Scenario: ARREST
  Phase 1: Finding power bracket...
    NNS=4,000 -> Power=33%
    NNS=8,000 -> Power=54%
    NNS=16,000 -> Power=84%
  Phase 2: Refining NNS with binary search...
    Testing NNS=12,000 -> Power=72%
    Testing NNS=14,000 -> Power=80%
    Testing NNS=13,000 -> Power=76%
    Testing NNS=13,500 -> Power=76%
    Testing NNS=13,750 -> Power=77%
    Testing NNS=13,875 -> Power=79%
    Testing NNS=13,937 -> Power=78%
    Testing NNS=13,968 -> Power=77%

[20/48] Searching: Group 'E', Sens: 0.7, Spec: 0.95, Scenario: ARREST
  Phase 1: Finding power bracket...
    NNS=4,000 -> Power=4%
    NNS=8,000 -> Power=5%
    NNS=16,000 -> Power=5%
    NNS=32,000 -> Power=4%
    NNS=64,000 -> Power=6%
    NNS=128,000 -> Power=6%
    NNS=256,000 -> Power=8%
    NNS=512,000 -> Power=8%
    NNS=1,024,000 -> Power=14%
    NNS=2,048,000 -> Power=23%
  Power goal not reached below 2e+06 NNS.

[21/48] Searching: Group 'B', Sens: 0.8, Spec: 0.8, Scenario: ARREST
  Phase 1: Finding power bracket...
    NNS=4,000 -> Power=94%
    NNS=2,000 -> Power=64%
  Phase 2: Refining NNS with binary search...
    Testing NNS=3,000 -> Power=84%
    Testing NNS=2,500 -> Power=76%
    Testing NNS=2,750 -> Power=80%
    Testing NNS=2,625 -> Power=77%
    Testing NNS=2,687 -> Power=80%
    Testing NNS=2,656 -> Power=76%
    Testing NNS=2,671 -> Power=78%
    Testing NNS=2,679 -> Power=78%

[22/48] Searching: Group 'C', Sens: 0.8, Spec: 0.8, Scenario: ARREST
  Phase 1: Finding power bracket...
    NNS=4,000 -> Power=5%
    NNS=8,000 -> Power=6%
    NNS=16,000 -> Power=6%
    NNS=32,000 -> Power=7%
    NNS=64,000 -> Power=8%
    NNS=128,000 -> Power=13%
    NNS=256,000 -> Power=21%
    NNS=512,000 -> Power=42%
    NNS=1,024,000 -> Power=67%
    NNS=2,048,000 -> Power=92%
  Phase 2: Refining NNS with binary search...
    Testing NNS=1,536,000 -> Power=83%
slurmstepd: error: *** JOB 12388246 ON compute303 CANCELLED AT 2025-07-16T08:41:10 DUE TO TIME LIMIT ***
