Loading R module...
Starting R simulation script...
--- Loading Packages ---
--- Defining Simulation Parameters ---
--- Parallel processing enabled on 16 cores ---

--- STARTING AIM 1: Power vs. Sample Size ---
  Running Aim 1 for scenario: ARREST
  Running Aim 1 for scenario: Conservative
--- AIM 1 COMPLETE --- (Duration: 65.6 minutes) ---

--- STARTING AIM 2: Impact of Accuracy ---
  Running Aim 2 for scenario: ARREST
  Running Aim 2 for scenario: Conservative
--- AIM 2 COMPLETE --- (Duration: 3.4 minutes) ---

--- STARTING AIM 3: Enrichment Trial (Sens/Spec Scenarios) ---

[1/40] Searching: Group 'B', Sens: 0.99, Spec: 0.99, Scenario: ARREST
  Phase 1: Finding power bracket...
Error in `pmap()`:
i In index: 1.
Caused by error in `sprintf()`:
! invalid format '%,d'; use format %f, %e, %g or %a for numeric objects
Backtrace:
     x
  1. +-purrr::pmap_dfr(...)
  2. | \-purrr::pmap(.l, .f, ...)
  3. |   \-purrr:::pmap_("list", .l, .f, ..., .progress = .progress)
  4. |     +-purrr:::with_indexed_errors(...)
  5. |     | \-base::withCallingHandlers(...)
  6. |     +-purrr:::call_with_cleanup(...)
  7. |     \-global .f(...)
  8. |       \-global find_nns_for_scenario_sens_spec(...)
  9. |         +-base::message(...)
 10. |         \-base::sprintf(...)
 11. \-base::.handleSimpleError(...)
 12.   \-purrr (local) h(simpleError(msg, call))
 13.     \-cli::cli_abort(...)
 14.       \-rlang::abort(...)
Execution halted
Simulation script finished.
